Determining if the pthread_create exist failed with the following output:
Change Dir: /jackal_ws/src/ros_jackal/jackal_helper/plugins/build/CMakeFiles/CMakeTmp

Run Build Command:"/usr/bin/make" "cmTC_4c39e/fast"
/usr/bin/make -f CMakeFiles/cmTC_4c39e.dir/build.make CMakeFiles/cmTC_4c39e.dir/build
make[1]: Entering directory '/jackal_ws/src/ros_jackal/jackal_helper/plugins/build/CMakeFiles/CMakeTmp'
Building C object CMakeFiles/cmTC_4c39e.dir/CheckSymbolExists.c.o
/usr/bin/cc    -o CMakeFiles/cmTC_4c39e.dir/CheckSymbolExists.c.o   -c /jackal_ws/src/ros_jackal/jackal_helper/plugins/build/CMakeFiles/CMakeTmp/CheckSymbolExists.c
Linking C executable cmTC_4c39e
/usr/bin/cmake -E cmake_link_script CMakeFiles/cmTC_4c39e.dir/link.txt --verbose=1
/usr/bin/cc      -rdynamic CMakeFiles/cmTC_4c39e.dir/CheckSymbolExists.c.o  -o cmTC_4c39e 
CMakeFiles/cmTC_4c39e.dir/CheckSymbolExists.c.o: In function `main':
CheckSymbolExists.c:(.text+0x1b): undefined reference to `pthread_create'
collect2: error: ld returned 1 exit status
CMakeFiles/cmTC_4c39e.dir/build.make:97: recipe for target 'cmTC_4c39e' failed
make[1]: *** [cmTC_4c39e] Error 1
make[1]: Leaving directory '/jackal_ws/src/ros_jackal/jackal_helper/plugins/build/CMakeFiles/CMakeTmp'
Makefile:126: recipe for target 'cmTC_4c39e/fast' failed
make: *** [cmTC_4c39e/fast] Error 2

File /jackal_ws/src/ros_jackal/jackal_helper/plugins/build/CMakeFiles/CMakeTmp/CheckSymbolExists.c:
/* */
#include <pthread.h>

int main(int argc, char** argv)
{
  (void)argv;
#ifndef pthread_create
  return ((int*)(&pthread_create))[argc];
#else
  (void)argc;
  return 0;
#endif
}

Determining if the function pthread_create exists in the pthreads failed with the following output:
Change Dir: /jackal_ws/src/ros_jackal/jackal_helper/plugins/build/CMakeFiles/CMakeTmp

Run Build Command:"/usr/bin/make" "cmTC_6beef/fast"
/usr/bin/make -f CMakeFiles/cmTC_6beef.dir/build.make CMakeFiles/cmTC_6beef.dir/build
make[1]: Entering directory '/jackal_ws/src/ros_jackal/jackal_helper/plugins/build/CMakeFiles/CMakeTmp'
Building C object CMakeFiles/cmTC_6beef.dir/CheckFunctionExists.c.o
/usr/bin/cc   -DCHECK_FUNCTION_EXISTS=pthread_create   -o CMakeFiles/cmTC_6beef.dir/CheckFunctionExists.c.o   -c /usr/share/cmake-3.10/Modules/CheckFunctionExists.c
Linking C executable cmTC_6beef
/usr/bin/cmake -E cmake_link_script CMakeFiles/cmTC_6beef.dir/link.txt --verbose=1
/usr/bin/cc  -DCHECK_FUNCTION_EXISTS=pthread_create    -rdynamic CMakeFiles/cmTC_6beef.dir/CheckFunctionExists.c.o  -o cmTC_6beef -lpthreads 
/usr/bin/ld: cannot find -lpthreads
collect2: error: ld returned 1 exit status
CMakeFiles/cmTC_6beef.dir/build.make:97: recipe for target 'cmTC_6beef' failed
make[1]: *** [cmTC_6beef] Error 1
make[1]: Leaving directory '/jackal_ws/src/ros_jackal/jackal_helper/plugins/build/CMakeFiles/CMakeTmp'
Makefile:126: recipe for target 'cmTC_6beef/fast' failed
make: *** [cmTC_6beef/fast] Error 2


